2024-10-01 01:19:32.248 [info] Extension host with pid 4367 started
2024-10-01 01:19:37.725 [info] ExtensionService#_doActivateExtension vscode.git-base, startup: false, activationEvent: '*', root cause: vscode.git
2024-10-01 01:19:40.756 [info] ExtensionService#_doActivateExtension vscode.git, startup: false, activationEvent: '*'
2024-10-01 01:19:40.756 [info] ExtensionService#_doActivateExtension vscode.github, startup: false, activationEvent: '*'
2024-10-01 01:19:44.861 [info] Eager extensions activated
2024-10-01 01:19:44.861 [info] ExtensionService#_doActivateExtension vscode.debug-auto-launch, startup: false, activationEvent: 'onStartupFinished'
2024-10-01 01:19:44.861 [info] ExtensionService#_doActivateExtension vscode.merge-conflict, startup: false, activationEvent: 'onStartupFinished'
2024-10-01 01:20:45.630 [info] ExtensionService#_doActivateExtension vscode.emmet, startup: false, activationEvent: 'onLanguage'
2024-10-01 01:28:05.759 [info] ExtensionService#_doActivateExtension vscode.npm, startup: false, activationEvent: 'onTerminalQuickFixRequest:ms-vscode.npm-command'
2024-10-01 01:37:01.459 [info] ExtensionService#_doActivateExtension vscode.configuration-editing, startup: false, activationEvent: 'onLanguage:jsonc'
2024-10-01 01:37:01.459 [info] ExtensionService#_doActivateExtension vscode.json-language-features, startup: false, activationEvent: 'onLanguage:jsonc'
2024-10-01 01:37:01.459 [info] ExtensionService#_doActivateExtension vscode.typescript-language-features, startup: false, activationEvent: 'onLanguage:jsonc'
2024-10-01 01:39:17.631 [info] ExtensionService#_doActivateExtension vscode.debug-server-ready, startup: false, activationEvent: 'onDebugResolve'
2024-10-01 01:39:48.458 [info] ExtensionService#_doActivateExtension vscode.tunnel-forwarding, startup: false, activationEvent: 'onTunnel'
2024-10-01 01:55:04.874 [info] ExtensionService#_doActivateExtension vscode.html-language-features, startup: false, activationEvent: 'onLanguage:html'
2024-10-01 01:59:18.910 [info] ExtensionService#_doActivateExtension ritwickdey.LiveServer, startup: false, activationEvent: 'onStartupFinished'
2024-10-01 02:07:54.606 [info] ExtensionService#_doActivateExtension searKing.preview-vscode, startup: false, activationEvent: 'onLanguage:html'
2024-10-01 02:08:26.418 [info] ExtensionService#_doActivateExtension ms-vscode.live-server, startup: false, activationEvent: 'onCommand:livePreview.start.preview.atFile'
2024-10-01 06:56:54.738 [info] Extension host terminating: renderer disconnected for too long (1)
2024-10-01 06:56:54.772 [error] Canceled: Canceled
	at new D (/home/ec2-user/.vscode-server/cli/servers/Stable-38c31bc77e0dd6ae88a4e9cc93428cc27a56ba40/server/out/vs/workbench/api/node/extensionHostProcess.js:151:35235)
	at y.U (/home/ec2-user/.vscode-server/cli/servers/Stable-38c31bc77e0dd6ae88a4e9cc93428cc27a56ba40/server/out/vs/workbench/api/node/extensionHostProcess.js:158:6005)
	at V.<computed>.F.charCodeAt.A.CharCode.DollarSign.V.<computed> (/home/ec2-user/.vscode-server/cli/servers/Stable-38c31bc77e0dd6ae88a4e9cc93428cc27a56ba40/server/out/vs/workbench/api/node/extensionHostProcess.js:158:3107)
	at h.g (/home/ec2-user/.vscode-server/cli/servers/Stable-38c31bc77e0dd6ae88a4e9cc93428cc27a56ba40/server/out/vs/workbench/api/node/extensionHostProcess.js:161:210015)
	at h.executeCommand (/home/ec2-user/.vscode-server/cli/servers/Stable-38c31bc77e0dd6ae88a4e9cc93428cc27a56ba40/server/out/vs/workbench/api/node/extensionHostProcess.js:161:209453)
	at C.registerCommand.description (/home/ec2-user/.vscode-server/cli/servers/Stable-38c31bc77e0dd6ae88a4e9cc93428cc27a56ba40/server/out/vs/workbench/api/node/extensionHostProcess.js:161:208777)
	at h (/home/ec2-user/.vscode-server/cli/servers/Stable-38c31bc77e0dd6ae88a4e9cc93428cc27a56ba40/server/out/vs/workbench/api/node/extensionHostProcess.js:161:210554)
	at h.g (/home/ec2-user/.vscode-server/cli/servers/Stable-38c31bc77e0dd6ae88a4e9cc93428cc27a56ba40/server/out/vs/workbench/api/node/extensionHostProcess.js:161:209546)
	at h.executeCommand (/home/ec2-user/.vscode-server/cli/servers/Stable-38c31bc77e0dd6ae88a4e9cc93428cc27a56ba40/server/out/vs/workbench/api/node/extensionHostProcess.js:161:209453)
	at Object.executeCommand (/home/ec2-user/.vscode-server/cli/servers/Stable-38c31bc77e0dd6ae88a4e9cc93428cc27a56ba40/server/out/vs/workbench/api/node/extensionHostProcess.js:171:30683)
	at i.value (/home/ec2-user/.vscode-server/extensions/ms-vscode.live-server-0.4.15/out/extension.js:1:76829)
	at r.B (/home/ec2-user/.vscode-server/cli/servers/Stable-38c31bc77e0dd6ae88a4e9cc93428cc27a56ba40/server/out/vs/workbench/api/node/extensionHostProcess.js:90:732)
	at r.fire (/home/ec2-user/.vscode-server/cli/servers/Stable-38c31bc77e0dd6ae88a4e9cc93428cc27a56ba40/server/out/vs/workbench/api/node/extensionHostProcess.js:90:949)
	at f.closeServer (/home/ec2-user/.vscode-server/extensions/ms-vscode.live-server-0.4.15/out/extension.js:1:86719)
	at f.dispose (/home/ec2-user/.vscode-server/extensions/ms-vscode.live-server-0.4.15/out/extension.js:1:89016)
	at /home/ec2-user/.vscode-server/extensions/ms-vscode.live-server-0.4.15/out/extension.js:1:71726
	at Map.forEach (<anonymous>)
	at b.closeAllServers (/home/ec2-user/.vscode-server/extensions/ms-vscode.live-server-0.4.15/out/extension.js:1:71711)
	at b.dispose (/home/ec2-user/.vscode-server/extensions/ms-vscode.live-server-0.4.15/out/extension.js:1:71754)
	at t.deactivate (/home/ec2-user/.vscode-server/extensions/ms-vscode.live-server-0.4.15/out/extension.js:1:64725)
	at m.eb (/home/ec2-user/.vscode-server/cli/servers/Stable-38c31bc77e0dd6ae88a4e9cc93428cc27a56ba40/server/out/vs/workbench/api/node/extensionHostProcess.js:167:10082)
	at /home/ec2-user/.vscode-server/cli/servers/Stable-38c31bc77e0dd6ae88a4e9cc93428cc27a56ba40/server/out/vs/workbench/api/node/extensionHostProcess.js:167:8153
	at Array.map (<anonymous>)
	at m.$ (/home/ec2-user/.vscode-server/cli/servers/Stable-38c31bc77e0dd6ae88a4e9cc93428cc27a56ba40/server/out/vs/workbench/api/node/extensionHostProcess.js:167:8140)
	at m.terminate (/home/ec2-user/.vscode-server/cli/servers/Stable-38c31bc77e0dd6ae88a4e9cc93428cc27a56ba40/server/out/vs/workbench/api/node/extensionHostProcess.js:167:8413)
	at $.terminate (/home/ec2-user/.vscode-server/cli/servers/Stable-38c31bc77e0dd6ae88a4e9cc93428cc27a56ba40/server/out/vs/workbench/api/node/extensionHostProcess.js:171:1513)
	at n (/home/ec2-user/.vscode-server/cli/servers/Stable-38c31bc77e0dd6ae88a4e9cc93428cc27a56ba40/server/out/vs/workbench/api/node/extensionHostProcess.js:184:10613)
	at F.a (/home/ec2-user/.vscode-server/cli/servers/Stable-38c31bc77e0dd6ae88a4e9cc93428cc27a56ba40/server/out/vs/workbench/api/node/extensionHostProcess.js:184:7218)
	at F.h (/home/ec2-user/.vscode-server/cli/servers/Stable-38c31bc77e0dd6ae88a4e9cc93428cc27a56ba40/server/out/vs/workbench/api/node/extensionHostProcess.js:107:22030)
	at listOnTimeout (node:internal/timers:573:17)
	at process.processTimers (node:internal/timers:514:7) setContext undefined
2024-10-01 06:56:54.779 [info] Extension host with pid 4367 exiting with code 0
